<?xml version="1.0" encoding="UTF-8"?>
<testng-results skipped="0" failed="0" total="9" passed="9">
  <reporter-output>
  </reporter-output>
  <suite name="Suite" duration-ms="1276" started-at="2016-11-23T13:18:16Z" finished-at="2016-11-23T13:18:17Z">
    <groups>
    </groups>
    <test name="econfig_20110101" duration-ms="572" started-at="2016-11-23T13:18:16Z" finished-at="2016-11-23T13:18:16Z">
      <class name="test.TestExample1">
        <test-method status="PASS" signature="test1_1()[pri:0, instance:test.TestExample1@15b5592]" name="test1_1" duration-ms="135" started-at="2016-11-23T16:18:16Z" finished-at="2016-11-23T16:18:16Z">
          <reporter-output>
          </reporter-output>
        </test-method> <!-- test1_1 -->
      </class> <!-- test.TestExample1 -->
      <class name="test.TestExample2">
        <test-method status="PASS" signature="test2_1()[pri:0, instance:test.TestExample2@19f379]" name="test2_1" duration-ms="8" started-at="2016-11-23T16:18:16Z" finished-at="2016-11-23T16:18:16Z">
          <reporter-output>
          </reporter-output>
        </test-method> <!-- test2_1 -->
        <test-method status="PASS" signature="test2_2()[pri:0, instance:test.TestExample2@19f379]" name="test2_2" duration-ms="29" started-at="2016-11-23T16:18:16Z" finished-at="2016-11-23T16:18:16Z">
          <reporter-output>
          </reporter-output>
        </test-method> <!-- test2_2 -->
        <test-method status="PASS" signature="test2_3()[pri:0, instance:test.TestExample2@19f379]" name="test2_3" duration-ms="6" started-at="2016-11-23T16:18:16Z" finished-at="2016-11-23T16:18:16Z">
          <reporter-output>
          </reporter-output>
        </test-method> <!-- test2_3 -->
      </class> <!-- test.TestExample2 -->
    </test> <!-- econfig_20110101 -->
    <test name="econfig_20160101" duration-ms="143" started-at="2016-11-23T13:18:17Z" finished-at="2016-11-23T13:18:17Z">
      <class name="test.TestExample1TestTest2">
        <test-method status="PASS" signature="test()[pri:0, instance:test.TestExample1TestTest2@cb5822]" name="test" duration-ms="7" started-at="2016-11-23T16:18:17Z" finished-at="2016-11-23T16:18:17Z">
          <reporter-output>
          </reporter-output>
        </test-method> <!-- test -->
      </class> <!-- test.TestExample1TestTest2 -->
      <class name="test.TestExample1">
        <test-method status="PASS" signature="test1_2()[pri:0, instance:test.TestExample1@be83e4]" name="test1_2" duration-ms="20" started-at="2016-11-23T16:18:17Z" finished-at="2016-11-23T16:18:17Z">
          <reporter-output>
          </reporter-output>
        </test-method> <!-- test1_2 -->
      </class> <!-- test.TestExample1 -->
      <class name="test.TestExample2">
        <test-method status="PASS" signature="test2_4()[pri:0, instance:test.TestExample2@19e13df]" name="test2_4" duration-ms="10" started-at="2016-11-23T16:18:17Z" finished-at="2016-11-23T16:18:17Z">
          <reporter-output>
          </reporter-output>
        </test-method> <!-- test2_4 -->
      </class> <!-- test.TestExample2 -->
      <class name="test.TestExample3">
        <test-method status="PASS" signature="test3_1()[pri:0, instance:test.TestExample3@198378d]" name="test3_1" duration-ms="6" started-at="2016-11-23T16:18:17Z" finished-at="2016-11-23T16:18:17Z">
          <reporter-output>
          </reporter-output>
        </test-method> <!-- test3_1 -->
        <test-method status="PASS" signature="test3_2()[pri:0, instance:test.TestExample3@198378d]" name="test3_2" duration-ms="4" started-at="2016-11-23T16:18:17Z" finished-at="2016-11-23T16:18:17Z">
          <reporter-output>
          </reporter-output>
        </test-method> <!-- test3_2 -->
      </class> <!-- test.TestExample3 -->
    </test> <!-- econfig_20160101 -->
  </suite> <!-- Suite -->
</testng-results>
