<?xml version="1.0" encoding="UTF-8"?>
<!-- Generated by org.testng.reporters.JUnitXMLReporter -->
<testsuite hostname="1-PC" name="econfig_20110101" tests="4" failures="0" timestamp="23 Nov 2016 13:18:17 GMT" time="0.572" errors="0">
  <testcase name="test1_1" time="0.135" classname="test.TestExample1"/>
  <testcase name="test2_1" time="0.008" classname="test.TestExample2"/>
  <testcase name="test2_2" time="0.029" classname="test.TestExample2"/>
  <testcase name="test2_3" time="0.006" classname="test.TestExample2"/>
</testsuite> <!-- econfig_20110101 -->
