<?xml version="1.0" encoding="UTF-8"?>
<!-- Generated by org.testng.reporters.JUnitXMLReporter -->
<testsuite hostname="1-PC" name="econfig_20160101" tests="5" failures="0" timestamp="23 Nov 2016 13:18:17 GMT" time="0.143" errors="0">
  <testcase name="test1_2" time="0.02" classname="test.TestExample1"/>
  <testcase name="test" time="0.007" classname="test.TestExample1TestTest2"/>
  <testcase name="test2_4" time="0.01" classname="test.TestExample2"/>
  <testcase name="test3_1" time="0.006" classname="test.TestExample3"/>
  <testcase name="test3_2" time="0.004" classname="test.TestExample3"/>
</testsuite> <!-- econfig_20160101 -->
